INFO [2023-10-09 10:48:15] $x
INFO [2023-10-09 10:48:15] list(DESeq2 = detected_down_DESeq2, meta = meta_down)
INFO [2023-10-09 10:48:15] 
INFO [2023-10-09 10:48:15] $category.names
INFO [2023-10-09 10:48:15] c("DESeq2 detected down", "Metadata down")
INFO [2023-10-09 10:48:15] 
INFO [2023-10-09 10:48:15] $output
INFO [2023-10-09 10:48:15] [1] TRUE
INFO [2023-10-09 10:48:15] 
INFO [2023-10-09 10:48:15] $filename
INFO [2023-10-09 10:48:15] [1] "DESEQ2_3_500_500_venn_downregulated.png"
INFO [2023-10-09 10:48:15] 
INFO [2023-10-09 10:48:15] $output.type
INFO [2023-10-09 10:48:15] [1] "png"
INFO [2023-10-09 10:48:15] 
INFO [2023-10-09 10:48:15] $imagetype
INFO [2023-10-09 10:48:15] [1] "png"
INFO [2023-10-09 10:48:15] 
INFO [2023-10-09 10:48:15] $resolution
INFO [2023-10-09 10:48:15] [1] 300
INFO [2023-10-09 10:48:15] 
